#
# A fatal error has been detected by the Java Runtime Environment:
#
#  Internal Error (constantTag.cpp:59), pid=6832, tid=0x0000000000001ba8
#  Error: ShouldNotReachHere()
#
# JRE version: Java(TM) SE Runtime Environment (8.0_191-b12) (build 1.8.0_191-b12)
# Java VM: Java HotSpot(TM) 64-Bit Server VM (25.191-b12 mixed mode windows-amd64 compressed oops)
# Failed to write core dump. Minidumps are not enabled by default on client versions of Windows
#
# If you would like to submit a bug report, please visit:
#   http://bugreport.java.com/bugreport/crash.jsp
#

---------------  T H R E A D  ---------------

Current thread (0x000000001c0ec800):  VMThread [stack: 0x000000001d280000,0x000000001d380000] [id=7080]

Stack: [0x000000001d280000,0x000000001d380000]
[error occurred during error reporting (printing stack bounds), id 0xc0000005]

Native frames: (J=compiled Java code, j=interpreted, Vv=VM code, C=native code)

VM_Operation (0x000000001e27f560): GetOrSetLocal, mode: safepoint, requested by thread 0x000000001d80a800


---------------  P R O C E S S  ---------------

Java Threads: ( => current thread )
  0x000000001d965800 JavaThread "Service Thread" daemon [_thread_blocked, id=3504, stack(0x000000001eb10000,0x000000001ec10000)]
  0x000000001d8ec800 JavaThread "C1 CompilerThread2" daemon [_thread_blocked, id=5924, stack(0x000000001e6e0000,0x000000001e7e0000)]
  0x000000001d8e9800 JavaThread "C2 CompilerThread1" daemon [_thread_blocked, id=7040, stack(0x000000001e990000,0x000000001ea90000)]
  0x000000001d8e8800 JavaThread "C2 CompilerThread0" daemon [_thread_blocked, id=7156, stack(0x000000001e7e0000,0x000000001e8e0000)]
  0x000000001d813000 JavaThread "JDWP Command Reader" daemon [_thread_in_native, id=6920, stack(0x000000001e5c0000,0x000000001e6c0000)]
  0x000000001d811800 JavaThread "JDWP Event Helper Thread" daemon [_thread_blocked, id=4512, stack(0x000000001e3a0000,0x000000001e4a0000)]
  0x000000001d80a800 JavaThread "JDWP Transport Listener: dt_socket" daemon [_thread_blocked, id=6784, stack(0x000000001e180000,0x000000001e280000)]
  0x000000001d800800 JavaThread "Attach Listener" daemon [_thread_blocked, id=1572, stack(0x000000001d3c0000,0x000000001d4c0000)]
  0x000000001c159800 JavaThread "Signal Dispatcher" daemon [_thread_blocked, id=1108, stack(0x000000001d180000,0x000000001d280000)]
  0x000000001c13e800 JavaThread "Finalizer" daemon [_thread_blocked, id=7056, stack(0x000000001d700000,0x000000001d800000)]
  0x000000001c137800 JavaThread "Reference Handler" daemon [_thread_blocked, id=1892, stack(0x000000001d4d0000,0x000000001d5d0000)]
  0x000000000034f000 JavaThread "main" [_thread_blocked, id=5156, stack(0x0000000002380000,0x0000000002480000)]

Other Threads:
=>0x000000001c0ec800 VMThread [stack: 0x000000001d280000,0x000000001d380000] [id=7080]
  0x000000001d9ab000 WatcherThread [stack: 0x000000001ed10000,0x000000001ee10000] [id=3448]

VM state:at safepoint (normal execution)

VM Mutex/Monitor currently owned by a thread:  ([mutex/lock_event])
[0x00000000020b8a80] Threads_lock - owner thread: 0x000000001c0ec800

Heap:
 PSYoungGen      total 76288K, used 7875K [0x000000076b000000, 0x0000000770500000, 0x00000007c0000000)
  eden space 65536K, 12% used [0x000000076b000000,0x000000076b7b0fb8,0x000000076f000000)
  from space 10752K, 0% used [0x000000076fa80000,0x000000076fa80000,0x0000000770500000)
  to   space 10752K, 0% used [0x000000076f000000,0x000000076f000000,0x000000076fa80000)
 ParOldGen       total 175104K, used 0K [0x00000006c1000000, 0x00000006cbb00000, 0x000000076b000000)
  object space 175104K, 0% used [0x00000006c1000000,0x00000006c1000000,0x00000006cbb00000)
 Metaspace       used 4995K, capacity 5122K, committed 5248K, reserved 1056768K
  class space    used 517K, capacity 561K, committed 640K, reserved 1048576K

Card table byte_map: [0x0000000011c10000,0x0000000012410000] byte_map_base: 0x000000000e608000

Marking Bits: (ParMarkBitMap*) 0x00000000637b3e30
 Begin Bits: [0x0000000012fe0000, 0x0000000016fa0000)
 End Bits:   [0x0000000016fa0000, 0x000000001af60000)

Polling page: 0x00000000001b0000

CodeCache: size=245760Kb used=1591Kb max_used=1591Kb free=244168Kb
 bounds [0x0000000002850000, 0x0000000002ac0000, 0x0000000011850000]
 total_blobs=422 nmethods=138 adapters=205
 compilation: enabled

Compilation events (10 events):
Event: 4097.543 Thread 0x000000001d8ec800  135       3       org.eclipse.jdt.launching.internal.org.objectweb.asm.Handler::getExceptionTableLength (21 bytes)
Event: 4097.543 Thread 0x000000001d8ec800 nmethod 135 0x00000000029a3a50 code [0x00000000029a3bc0, 0x00000000029a3db0]
Event: 4097.543 Thread 0x000000001d8ec800  134       3       org.eclipse.jdt.launching.internal.org.objectweb.asm.MethodWriter::visitLineNumber (50 bytes)
Event: 4097.545 Thread 0x000000001d8ec800 nmethod 134 0x00000000029a3e90 code [0x00000000029a4020, 0x00000000029a4478]
Event: 4308.046 Thread 0x000000001d8ec800  136       3       org.eclipse.jdt.launching.internal.org.objectweb.asm.ClassReader::readConst (276 bytes)
Event: 4308.049 Thread 0x000000001d8ec800 nmethod 136 0x00000000029a4690 code [0x00000000029a4ac0, 0x00000000029a6c88]
Event: 4308.049 Thread 0x000000001d8ec800  137       3       org.eclipse.jdt.launching.internal.org.objectweb.asm.SymbolTable::addConstant (330 bytes)
Event: 4308.052 Thread 0x000000001d8ec800 nmethod 137 0x00000000029a8890 code [0x00000000029a8e20, 0x00000000029ad588]
Event: 8611.096 Thread 0x000000001d8ec800  138       3       org.eclipse.jdt.launching.internal.org.objectweb.asm.ClassReader::readCode (5089 bytes)
Event: 8611.141 Thread 0x000000001d8ec800 nmethod 138 0x00000000029ae8d0 code [0x00000000029afd40, 0x00000000029c1528]

GC Heap History (0 events):
No events

Deoptimization events (0 events):
No events

Classes redefined (10 events):
Event: 1171.971 Thread 0x000000001c0ec800 redefined class name=com.ipartek.formacion.metodos.Utilidades, count=4
Event: 1289.473 Thread 0x000000001c0ec800 redefined class name=com.ipartek.formacion.metodos.Utilidades, count=5
Event: 3164.443 Thread 0x000000001c0ec800 redefined class name=com.ipartek.formacion.metodos.Utilidades, count=6
Event: 3175.137 Thread 0x000000001c0ec800 redefined class name=com.ipartek.formacion.metodos.Utilidades, count=7
Event: 3245.105 Thread 0x000000001c0ec800 redefined class name=com.ipartek.formacion.metodos.EjemploDeUso, count=2
Event: 3342.788 Thread 0x000000001c0ec800 redefined class name=com.ipartek.formacion.metodos.EjemploDeUso, count=3
Event: 3924.715 Thread 0x000000001c0ec800 redefined class name=com.ipartek.formacion.metodos.Utilidades, count=8
Event: 3932.705 Thread 0x000000001c0ec800 redefined class name=com.ipartek.formacion.metodos.Utilidades, count=9
Event: 4020.031 Thread 0x000000001c0ec800 redefined class name=com.ipartek.formacion.metodos.Utilidades, count=10
Event: 4097.544 Thread 0x000000001c0ec800 redefined class name=com.ipartek.formacion.metodos.Utilidades, count=11

Internal exceptions (2 events):
Event: 0.057 Thread 0x000000000034f000 Exception <a 'java/lang/NoSuchMethodError': Method sun.misc.Unsafe.defineClass(Ljava/lang/String;[BII)Ljava/lang/Class; name or signature does not match> (0x000000076b007cb0) thrown at [C:\re\workspace\8-2-build-windows-amd64-cygwin\jdk8u191\11896\hotspot
Event: 0.057 Thread 0x000000000034f000 Exception <a 'java/lang/NoSuchMethodError': Method sun.misc.Unsafe.prefetchRead(Ljava/lang/Object;J)V name or signature does not match> (0x000000076b007f98) thrown at [C:\re\workspace\8-2-build-windows-amd64-cygwin\jdk8u191\11896\hotspot\src\share\vm\prim

Events (10 events):
Event: 9787.341 Executing VM operation: GetCurrentContendedMonitor done
Event: 9787.346 Executing VM operation: GetCurrentContendedMonitor
Event: 9787.346 Executing VM operation: GetCurrentContendedMonitor done
Event: 9787.346 Executing VM operation: GetOwnedMonitorInfo
Event: 9787.346 Executing VM operation: GetOwnedMonitorInfo done
Event: 9797.345 Executing VM operation: GetOwnedMonitorInfo
Event: 9797.345 Executing VM operation: GetOwnedMonitorInfo done
Event: 9797.345 Executing VM operation: GetCurrentContendedMonitor
Event: 9797.345 Executing VM operation: GetCurrentContendedMonitor done
Event: 9802.786 Executing VM operation: GetOrSetLocal


Dynamic libraries:
0x000000013f180000 - 0x000000013f1b7000 	C:\Program Files\Java\jdk1.8.0_191\bin\javaw.exe
0x0000000076ff0000 - 0x000000007718f000 	C:\Windows\SYSTEM32\ntdll.dll
0x0000000076dd0000 - 0x0000000076eef000 	C:\Windows\system32\kernel32.dll
0x000007fefcda0000 - 0x000007fefce07000 	C:\Windows\system32\KERNELBASE.dll
0x000007fefe730000 - 0x000007fefe80b000 	C:\Windows\system32\ADVAPI32.dll
0x000007fefed40000 - 0x000007fefeddf000 	C:\Windows\system32\msvcrt.dll
0x000007fefdd60000 - 0x000007fefdd7f000 	C:\Windows\SYSTEM32\sechost.dll
0x000007fefebe0000 - 0x000007fefed0c000 	C:\Windows\system32\RPCRT4.dll
0x0000000076ef0000 - 0x0000000076feb000 	C:\Windows\system32\USER32.dll
0x000007fefdd80000 - 0x000007fefdde7000 	C:\Windows\system32\GDI32.dll
0x000007fefef70000 - 0x000007fefef7e000 	C:\Windows\system32\LPK.dll
0x000007fefdc90000 - 0x000007fefdd5b000 	C:\Windows\system32\USP10.dll
0x000007fefb430000 - 0x000007fefb625000 	C:\Windows\WinSxS\amd64_microsoft.windows.common-controls_6595b64144ccf1df_6.0.7601.24483_none_e372d88f30fbb845\COMCTL32.dll
0x000007fefe6b0000 - 0x000007fefe721000 	C:\Windows\system32\SHLWAPI.dll
0x000007fefed10000 - 0x000007fefed3e000 	C:\Windows\system32\IMM32.DLL
0x000007fefe810000 - 0x000007fefe91b000 	C:\Windows\system32\MSCTF.dll
0x000000006c190000 - 0x000000006c262000 	C:\Program Files\Java\jdk1.8.0_191\jre\bin\msvcr100.dll
0x0000000062f90000 - 0x0000000063834000 	C:\Program Files\Java\jdk1.8.0_191\jre\bin\server\jvm.dll
0x000007fef6b50000 - 0x000007fef6b59000 	C:\Windows\system32\WSOCK32.dll
0x000007fefe300000 - 0x000007fefe34d000 	C:\Windows\system32\WS2_32.dll
0x000007feff000000 - 0x000007feff008000 	C:\Windows\system32\NSI.dll
0x000007fefa0f0000 - 0x000007fefa12b000 	C:\Windows\system32\WINMM.dll
0x000007fefbc10000 - 0x000007fefbc1c000 	C:\Windows\system32\VERSION.dll
0x00000000771a0000 - 0x00000000771a7000 	C:\Windows\system32\PSAPI.DLL
0x0000000063ff0000 - 0x0000000063fff000 	C:\Program Files\Java\jdk1.8.0_191\jre\bin\verify.dll
0x0000000063fc0000 - 0x0000000063fe9000 	C:\Program Files\Java\jdk1.8.0_191\jre\bin\java.dll
0x000000006c150000 - 0x000000006c185000 	C:\Program Files\Java\jdk1.8.0_191\jre\bin\jdwp.dll
0x00000000746e0000 - 0x00000000746e8000 	C:\Program Files\Java\jdk1.8.0_191\jre\bin\npt.dll
0x00000000743b0000 - 0x00000000743d3000 	C:\Program Files\Java\jdk1.8.0_191\jre\bin\instrument.dll
0x0000000063fa0000 - 0x0000000063fb6000 	C:\Program Files\Java\jdk1.8.0_191\jre\bin\zip.dll
0x000007fefcf00000 - 0x000007fefdc8b000 	C:\Windows\system32\SHELL32.dll
0x000007fefe3f0000 - 0x000007fefe5ef000 	C:\Windows\system32\ole32.dll
0x000007fefcb50000 - 0x000007fefcb5f000 	C:\Windows\system32\profapi.dll
0x00000000743f0000 - 0x00000000743f9000 	C:\Program Files\Java\jdk1.8.0_191\jre\bin\dt_socket.dll
0x000007fef9ff0000 - 0x000007fefa005000 	C:\Windows\system32\NLAapi.dll
0x000007fef5820000 - 0x000007fef5835000 	C:\Windows\system32\napinsp.dll
0x000007fef5800000 - 0x000007fef5819000 	C:\Windows\system32\pnrpnsp.dll
0x000007fefc280000 - 0x000007fefc2d5000 	C:\Windows\System32\mswsock.dll
0x000007fefc100000 - 0x000007fefc15b000 	C:\Windows\system32\DNSAPI.dll
0x000007fef57f0000 - 0x000007fef57fb000 	C:\Windows\System32\winrnr.dll
0x000007fef57e0000 - 0x000007fef57f0000 	C:\Windows\system32\wshbth.dll
0x000007fef9310000 - 0x000007fef9337000 	C:\Windows\system32\IPHLPAPI.DLL
0x000007fef9300000 - 0x000007fef930b000 	C:\Windows\system32\WINNSI.DLL
0x000007fef9260000 - 0x000007fef92b3000 	C:\Windows\System32\fwpuclnt.dll
0x000007fef5870000 - 0x000007fef5878000 	C:\Windows\system32\rasadhlp.dll
0x000007fefbce0000 - 0x000007fefbce7000 	C:\Windows\System32\wshtcpip.dll

VM Arguments:
jvm_args: -agentlib:jdwp=transport=dt_socket,suspend=y,address=localhost:49391 -javaagent:C:\2009\eclipse\eclipse\configuration\org.eclipse.osgi\411\0\.cp\lib\javaagent-shaded.jar -Dfile.encoding=Cp1252 
java_command: com.ipartek.formacion.metodos.EjemploDeUso
java_class_path (initial): C:\2009\workspace\uf2404\bin;C:\2009\eclipse\eclipse\configuration\org.eclipse.osgi\411\0\.cp\lib\javaagent-shaded.jar
Launcher Type: SUN_STANDARD

Environment Variables:
JAVA_HOME=C:\Program Files\Java\jdk1.8.0_191
PATH=C:\Program Files\Java\jdk1.8.0_191\jre\bin;C:/Program Files/Java/jdk1.8.0_191/bin/../jre/bin/server;C:/Program Files/Java/jdk1.8.0_191/bin/../jre/bin;C:/Program Files/Java/jdk1.8.0_191/bin/../jre/lib/amd64;C:\Python27\;C:\Python27\Scripts;C:\ProgramData\Boxstarter;C:\Program Files (x86)\Common Files\Oracle\Java\javapath;C:\Program Files\Java\jdk1.8.0_101\bin;C:\ProgramData\Oracle\Java\javapath;C:\Program Files (x86)\Intel\iCLS Client\;C:\Program Files\Intel\iCLS Client\;C:\Windows\system32;C:\Windows;C:\Windows\System32\Wbem;C:\Windows\System32\WindowsPowerShell\v1.0\;C:\Program Files (x86)\Intel\Intel(R) Management Engine Components\DAL;C:\Program Files\Intel\Intel(R) Management Engine Components\DAL;C:\Program Files (x86)\Intel\Intel(R) Management Engine Components\IPT;C:\Program Files\Intel\Intel(R) Management Engine Components\IPT;C:\Program Files\Intel\WiFi\bin\;C:\Program Files\Common Files\Intel\WirelessCommon\;C:\Program Files\dotnet\;C:\Bin;C:\ProgramData\chocolatey\bin;C:\Program Files\Git\cmd;C:\Program Files\nodejs\;C:\Program Files\MySQL\MySQL Shell 8.0\bin\;C:\Users\curso\AppData\Local\Programs\Microsoft VS Code\bin;C:\Users\curso\AppData\Roaming\npm;C:\Users\curso\Desktop;
USERNAME=Curso
OS=Windows_NT
PROCESSOR_IDENTIFIER=Intel64 Family 6 Model 78 Stepping 3, GenuineIntel



---------------  S Y S T E M  ---------------

OS: Windows 7 , 64 bit Build 7601 (6.1.7601.24545)

CPU:total 4 (initial active 4) (2 cores per cpu, 2 threads per core) family 6 model 78 stepping 3, cmov, cx8, fxsr, mmx, sse, sse2, sse3, ssse3, sse4.1, sse4.2, popcnt, avx, avx2, aes, clmul, erms, 3dnowpref, lzcnt, ht, tsc, tscinvbit, bmi1, bmi2, adx

Memory: 4k page, physical 16707460k(11906116k free), swap 33413020k(26870624k free)

vm_info: Java HotSpot(TM) 64-Bit Server VM (25.191-b12) for windows-amd64 JRE (1.8.0_191-b12), built on Oct  6 2018 09:29:03 by "java_re" with MS VC++ 10.0 (VS2010)

time: Tue Mar 10 11:58:53 2020
elapsed time: 9802 seconds (0d 2h 43m 22s)

